{
  "validation_timestamp": "2025-09-23T15:21:27.385000",
  "total_validation_time_seconds": 10.236189365386963,
  "overall_score": 0.125,
  "readiness_status": "NOT_READY",
  "test_summary": {
    "total_tests": 8,
    "passed": 0,
    "warned": 2,
    "failed": 6
  },
  "detailed_results": {
    "Hardware Compatibility": {
      "status": "FAIL",
      "gpu_available": false,
      "gpu_memory_gb": 0,
      "gpu_name": "None",
      "compute_capability": null,
      "multi_gpu": false,
      "recommendations": [
        "CUDA not available - install CUDA 12.8+"
      ]
    },
    "Dependency Verification": {
      "status": "WARN",
      "missing_dependencies": [],
      "version_conflicts": [],
      "optional_missing": [
        "flash_attn",
        "xformers",
        "triton",
        "peft"
      ],
      "recommendations": [
        "Install optional dependencies for optimal performance"
      ]
    },
    "SOTA Attention Mechanisms": {
      "status": "FAIL",
      "error": "name 'logger' is not defined",
      "traceback": "Traceback (most recent call last):\n  File \"C:\\Users\\sjham\\OneDrive\\Desktop\\astrobio_gen\\models\\sota_attention_2025.py\", line 35, in <module>\n    from flash_attn import flash_attn_func, flash_attn_varlen_func\nModuleNotFoundError: No module named 'flash_attn'\n\nDuring handling of the above exception, another exception occurred:\n\nTraceback (most recent call last):\n  File \"C:\\Users\\sjham\\OneDrive\\Desktop\\astrobio_gen\\comprehensive_system_validation.py\", line 80, in run_full_validation\n    result = test_function()\n             ^^^^^^^^^^^^^^^\n  File \"C:\\Users\\sjham\\OneDrive\\Desktop\\astrobio_gen\\comprehensive_system_validation.py\", line 224, in _validate_attention_mechanisms\n    from models.sota_attention_2025 import create_sota_attention, SOTAAttentionConfig\n  File \"C:\\Users\\sjham\\OneDrive\\Desktop\\astrobio_gen\\models\\__init__.py\", line 46, in <module>\n    from .sota_attention_2025 import SOTAAttention2025, create_sota_attention\n  File \"C:\\Users\\sjham\\OneDrive\\Desktop\\astrobio_gen\\models\\sota_attention_2025.py\", line 41, in <module>\n    logger.warning(\"\u26a0\ufe0f Flash Attention not available. Install with: pip install flash-attn --no-build-isolation\")\n    ^^^^^^\nNameError: name 'logger' is not defined\n"
    },
    "Multi-Modal Models": {
      "status": "FAIL",
      "models_tested": [],
      "performance_metrics": {},
      "recommendations": [
        "Multi-modal model test failed: name 'logger' is not defined"
      ]
    },
    "Data Pipeline Robustness": {
      "status": "FAIL",
      "pipeline_tests": [],
      "data_sources_tested": 0,
      "recommendations": [
        "Data pipeline test failed: 'list' object has no attribute 'items'"
      ]
    },
    "Training Orchestrator": {
      "status": "FAIL",
      "orchestrator_features": [],
      "device_compatibility": {},
      "recommendations": [
        "Training orchestrator test failed: name 'logger' is not defined"
      ]
    },
    "Memory Management": {
      "status": "WARN",
      "memory_tests": [],
      "peak_memory_gb": 0,
      "memory_efficiency": 0,
      "recommendations": [
        "GPU not available for memory testing"
      ]
    },
    "End-to-End Integration": {
      "status": "FAIL",
      "integration_tests": [],
      "total_time_ms": 0,
      "recommendations": [
        "End-to-end integration failed: Data source test must have either path or url"
      ]
    }
  },
  "recommendations": [
    "Hardware Compatibility: CUDA not available - install CUDA 12.8+",
    "Dependency Verification: Install optional dependencies for optimal performance",
    "Multi-Modal Models: Multi-modal model test failed: name 'logger' is not defined",
    "Data Pipeline Robustness: Data pipeline test failed: 'list' object has no attribute 'items'",
    "Training Orchestrator: Training orchestrator test failed: name 'logger' is not defined",
    "Memory Management: GPU not available for memory testing",
    "End-to-End Integration: End-to-end integration failed: Data source test must have either path or url"
  ],
  "next_steps": [
    "Fix critical failures before proceeding",
    "Install missing dependencies",
    "Resolve hardware compatibility issues",
    "Re-run validation after fixes"
  ]
}